# nnet3-xvector-compute --use-gpu=no --min-chunk-size=25 --chunk-size=500 --cache-capacity=64 "nnet3-copy --nnet-config=/home/wghezaiel/Project_2/dia_xvector/egs/model_xvec/extract.config /home/wghezaiel/Project_2/dia_xvector/egs/model_xvec/final.raw - |" scp:/home/wghezaiel/Project_2/dia_xvector/egs/exp/data/kaldi_xvectors//subsegments_data/split1/1/feats.scp ark,scp:/home/wghezaiel/Project_2/dia_xvector/egs/exp/data/kaldi_xvectors//xvector.1.ark,/home/wghezaiel/Project_2/dia_xvector/egs/exp/data/kaldi_xvectors//xvector.1.scp 
# Started at Tue May 31 15:28:00 CEST 2022
#
nnet3-xvector-compute --use-gpu=no --min-chunk-size=25 --chunk-size=500 --cache-capacity=64 'nnet3-copy --nnet-config=/home/wghezaiel/Project_2/dia_xvector/egs/model_xvec/extract.config /home/wghezaiel/Project_2/dia_xvector/egs/model_xvec/final.raw - |' scp:/home/wghezaiel/Project_2/dia_xvector/egs/exp/data/kaldi_xvectors//subsegments_data/split1/1/feats.scp ark,scp:/home/wghezaiel/Project_2/dia_xvector/egs/exp/data/kaldi_xvectors//xvector.1.ark,/home/wghezaiel/Project_2/dia_xvector/egs/exp/data/kaldi_xvectors//xvector.1.scp 
nnet3-copy --nnet-config=/home/wghezaiel/Project_2/dia_xvector/egs/model_xvec/extract.config /home/wghezaiel/Project_2/dia_xvector/egs/model_xvec/final.raw - 
WARNING (nnet3-copy[5.5.1009~1-e4940]:Check():nnet-nnet.cc:789) Node tdnn6.relu is never used to compute any output.
WARNING (nnet3-copy[5.5.1009~1-e4940]:Check():nnet-nnet.cc:789) Node tdnn6.batchnorm is never used to compute any output.
WARNING (nnet3-copy[5.5.1009~1-e4940]:Check():nnet-nnet.cc:789) Node tdnn7.affine is never used to compute any output.
WARNING (nnet3-copy[5.5.1009~1-e4940]:Check():nnet-nnet.cc:789) Node tdnn7.relu is never used to compute any output.
WARNING (nnet3-copy[5.5.1009~1-e4940]:Check():nnet-nnet.cc:789) Node tdnn7.batchnorm is never used to compute any output.
WARNING (nnet3-copy[5.5.1009~1-e4940]:Check():nnet-nnet.cc:789) Node output.affine is never used to compute any output.
WARNING (nnet3-copy[5.5.1009~1-e4940]:Check():nnet-nnet.cc:789) Node output.log-softmax is never used to compute any output.
LOG (nnet3-copy[5.5.1009~1-e4940]:main():nnet3-copy.cc:123) Copied raw neural net from /home/wghezaiel/Project_2/dia_xvector/egs/model_xvec/final.raw to -
WARNING (nnet3-xvector-compute[5.5.1009~1-e4940]:Check():nnet-nnet.cc:789) Node tdnn6.relu is never used to compute any output.
WARNING (nnet3-xvector-compute[5.5.1009~1-e4940]:Check():nnet-nnet.cc:789) Node tdnn6.batchnorm is never used to compute any output.
WARNING (nnet3-xvector-compute[5.5.1009~1-e4940]:Check():nnet-nnet.cc:789) Node tdnn7.affine is never used to compute any output.
WARNING (nnet3-xvector-compute[5.5.1009~1-e4940]:Check():nnet-nnet.cc:789) Node tdnn7.relu is never used to compute any output.
WARNING (nnet3-xvector-compute[5.5.1009~1-e4940]:Check():nnet-nnet.cc:789) Node tdnn7.batchnorm is never used to compute any output.
WARNING (nnet3-xvector-compute[5.5.1009~1-e4940]:Check():nnet-nnet.cc:789) Node output.affine is never used to compute any output.
WARNING (nnet3-xvector-compute[5.5.1009~1-e4940]:Check():nnet-nnet.cc:789) Node output.log-softmax is never used to compute any output.
LOG (nnet3-xvector-compute[5.5.1009~1-e4940]:RemoveOrphanNodes():nnet-nnet.cc:948) Removed 7 orphan nodes.
LOG (nnet3-xvector-compute[5.5.1009~1-e4940]:RemoveOrphanComponents():nnet-nnet.cc:847) Removing 7 orphan components.
LOG (nnet3-xvector-compute[5.5.1009~1-e4940]:Collapse():nnet-utils.cc:1488) Added 0 components, removed 7
LOG (nnet3-xvector-compute[5.5.1009~1-e4940]:main():nnet3-xvector-compute.cc:182) Chunk size of 500 is greater than the number of rows in utterance: pleniere_2-00000-00202-00000000-00000150-00000000-00000150, using chunk size  of 150
LOG (nnet3-xvector-compute[5.5.1009~1-e4940]:main():nnet3-xvector-compute.cc:182) Chunk size of 500 is greater than the number of rows in utterance: pleniere_2-00000-00202-00000075-00000202-00000000-00000127, using chunk size  of 127
LOG (nnet3-xvector-compute[5.5.1009~1-e4940]:main():nnet3-xvector-compute.cc:182) Chunk size of 500 is greater than the number of rows in utterance: pleniere_2-00376-00734-00000000-00000150-00000000-00000150, using chunk size  of 150
LOG (nnet3-xvector-compute[5.5.1009~1-e4940]:main():nnet3-xvector-compute.cc:182) Chunk size of 500 is greater than the number of rows in utterance: pleniere_2-00376-00734-00000075-00000225-00000000-00000150, using chunk size  of 150
LOG (nnet3-xvector-compute[5.5.1009~1-e4940]:main():nnet3-xvector-compute.cc:182) Chunk size of 500 is greater than the number of rows in utterance: pleniere_2-00376-00734-00000150-00000300-00000000-00000150, using chunk size  of 150
LOG (nnet3-xvector-compute[5.5.1009~1-e4940]:main():nnet3-xvector-compute.cc:182) Chunk size of 500 is greater than the number of rows in utterance: pleniere_2-00376-00734-00000225-00000358-00000000-00000133, using chunk size  of 133
LOG (nnet3-xvector-compute[5.5.1009~1-e4940]:main():nnet3-xvector-compute.cc:182) Chunk size of 500 is greater than the number of rows in utterance: pleniere_2-00775-01169-00000000-00000150-00000000-00000150, using chunk size  of 150
LOG (nnet3-xvector-compute[5.5.1009~1-e4940]:main():nnet3-xvector-compute.cc:182) Chunk size of 500 is greater than the number of rows in utterance: pleniere_2-00775-01169-00000075-00000225-00000000-00000150, using chunk size  of 150
LOG (nnet3-xvector-compute[5.5.1009~1-e4940]:main():nnet3-xvector-compute.cc:182) Chunk size of 500 is greater than the number of rows in utterance: pleniere_2-00775-01169-00000150-00000300-00000000-00000150, using chunk size  of 150
LOG (nnet3-xvector-compute[5.5.1009~1-e4940]:main():nnet3-xvector-compute.cc:182) Chunk size of 500 is greater than the number of rows in utterance: pleniere_2-00775-01169-00000225-00000375-00000000-00000150, using chunk size  of 150
LOG (nnet3-xvector-compute[5.5.1009~1-e4940]:main():nnet3-xvector-compute.cc:182) Chunk size of 500 is greater than the number of rows in utterance: pleniere_2-00775-01169-00000300-00000394-00000000-00000094, using chunk size  of 94
LOG (nnet3-xvector-compute[5.5.1009~1-e4940]:main():nnet3-xvector-compute.cc:182) Chunk size of 500 is greater than the number of rows in utterance: pleniere_2-01414-01518-00000000-00000104-00000000-00000104, using chunk size  of 104
LOG (nnet3-xvector-compute[5.5.1009~1-e4940]:main():nnet3-xvector-compute.cc:182) Chunk size of 500 is greater than the number of rows in utterance: pleniere_2-01537-01639-00000000-00000103-00000000-00000103, using chunk size  of 103
LOG (nnet3-xvector-compute[5.5.1009~1-e4940]:main():nnet3-xvector-compute.cc:182) Chunk size of 500 is greater than the number of rows in utterance: pleniere_2-01694-01929-00000000-00000150-00000000-00000150, using chunk size  of 150
LOG (nnet3-xvector-compute[5.5.1009~1-e4940]:main():nnet3-xvector-compute.cc:182) Chunk size of 500 is greater than the number of rows in utterance: pleniere_2-01694-01929-00000075-00000225-00000000-00000150, using chunk size  of 150
LOG (nnet3-xvector-compute[5.5.1009~1-e4940]:main():nnet3-xvector-compute.cc:182) Chunk size of 500 is greater than the number of rows in utterance: pleniere_2-01694-01929-00000150-00000235-00000000-00000085, using chunk size  of 85
LOG (nnet3-xvector-compute[5.5.1009~1-e4940]:main():nnet3-xvector-compute.cc:182) Chunk size of 500 is greater than the number of rows in utterance: pleniere_2-02081-02383-00000000-00000150-00000000-00000150, using chunk size  of 150
LOG (nnet3-xvector-compute[5.5.1009~1-e4940]:main():nnet3-xvector-compute.cc:182) Chunk size of 500 is greater than the number of rows in utterance: pleniere_2-02081-02383-00000075-00000225-00000000-00000150, using chunk size  of 150
LOG (nnet3-xvector-compute[5.5.1009~1-e4940]:main():nnet3-xvector-compute.cc:182) Chunk size of 500 is greater than the number of rows in utterance: pleniere_2-02081-02383-00000150-00000300-00000000-00000150, using chunk size  of 150
LOG (nnet3-xvector-compute[5.5.1009~1-e4940]:main():nnet3-xvector-compute.cc:182) Chunk size of 500 is greater than the number of rows in utterance: pleniere_2-02081-02383-00000225-00000302-00000000-00000077, using chunk size  of 77
LOG (nnet3-xvector-compute[5.5.1009~1-e4940]:main():nnet3-xvector-compute.cc:182) Chunk size of 500 is greater than the number of rows in utterance: pleniere_2-02399-02601-00000000-00000150-00000000-00000150, using chunk size  of 150
LOG (nnet3-xvector-compute[5.5.1009~1-e4940]:main():nnet3-xvector-compute.cc:182) Chunk size of 500 is greater than the number of rows in utterance: pleniere_2-02399-02601-00000075-00000202-00000000-00000127, using chunk size  of 127
LOG (nnet3-xvector-compute[5.5.1009~1-e4940]:main():nnet3-xvector-compute.cc:182) Chunk size of 500 is greater than the number of rows in utterance: pleniere_2-02687-02943-00000000-00000150-00000000-00000150, using chunk size  of 150
LOG (nnet3-xvector-compute[5.5.1009~1-e4940]:main():nnet3-xvector-compute.cc:182) Chunk size of 500 is greater than the number of rows in utterance: pleniere_2-02687-02943-00000075-00000225-00000000-00000150, using chunk size  of 150
LOG (nnet3-xvector-compute[5.5.1009~1-e4940]:main():nnet3-xvector-compute.cc:182) Chunk size of 500 is greater than the number of rows in utterance: pleniere_2-02687-02943-00000150-00000256-00000000-00000106, using chunk size  of 106
LOG (nnet3-xvector-compute[5.5.1009~1-e4940]:main():nnet3-xvector-compute.cc:182) Chunk size of 500 is greater than the number of rows in utterance: pleniere_2-02972-03458-00000000-00000150-00000000-00000150, using chunk size  of 150
LOG (nnet3-xvector-compute[5.5.1009~1-e4940]:main():nnet3-xvector-compute.cc:182) Chunk size of 500 is greater than the number of rows in utterance: pleniere_2-02972-03458-00000075-00000225-00000000-00000150, using chunk size  of 150
LOG (nnet3-xvector-compute[5.5.1009~1-e4940]:main():nnet3-xvector-compute.cc:182) Chunk size of 500 is greater than the number of rows in utterance: pleniere_2-02972-03458-00000150-00000300-00000000-00000150, using chunk size  of 150
LOG (nnet3-xvector-compute[5.5.1009~1-e4940]:main():nnet3-xvector-compute.cc:182) Chunk size of 500 is greater than the number of rows in utterance: pleniere_2-02972-03458-00000225-00000375-00000000-00000150, using chunk size  of 150
LOG (nnet3-xvector-compute[5.5.1009~1-e4940]:main():nnet3-xvector-compute.cc:182) Chunk size of 500 is greater than the number of rows in utterance: pleniere_2-02972-03458-00000300-00000450-00000000-00000150, using chunk size  of 150
LOG (nnet3-xvector-compute[5.5.1009~1-e4940]:main():nnet3-xvector-compute.cc:182) Chunk size of 500 is greater than the number of rows in utterance: pleniere_2-02972-03458-00000375-00000486-00000000-00000111, using chunk size  of 111
LOG (nnet3-xvector-compute[5.5.1009~1-e4940]:main():nnet3-xvector-compute.cc:182) Chunk size of 500 is greater than the number of rows in utterance: pleniere_2-03464-03565-00000000-00000102-00000000-00000102, using chunk size  of 102
LOG (nnet3-xvector-compute[5.5.1009~1-e4940]:main():nnet3-xvector-compute.cc:182) Chunk size of 500 is greater than the number of rows in utterance: pleniere_2-03645-03847-00000000-00000150-00000000-00000150, using chunk size  of 150
LOG (nnet3-xvector-compute[5.5.1009~1-e4940]:main():nnet3-xvector-compute.cc:182) Chunk size of 500 is greater than the number of rows in utterance: pleniere_2-03645-03847-00000075-00000202-00000000-00000127, using chunk size  of 127
LOG (nnet3-xvector-compute[5.5.1009~1-e4940]:main():nnet3-xvector-compute.cc:182) Chunk size of 500 is greater than the number of rows in utterance: pleniere_2-03872-03974-00000000-00000102-00000000-00000102, using chunk size  of 102
LOG (nnet3-xvector-compute[5.5.1009~1-e4940]:main():nnet3-xvector-compute.cc:182) Chunk size of 500 is greater than the number of rows in utterance: pleniere_2-03977-04079-00000000-00000102-00000000-00000102, using chunk size  of 102
LOG (nnet3-xvector-compute[5.5.1009~1-e4940]:main():nnet3-xvector-compute.cc:182) Chunk size of 500 is greater than the number of rows in utterance: pleniere_2-04157-04259-00000000-00000102-00000000-00000102, using chunk size  of 102
LOG (nnet3-xvector-compute[5.5.1009~1-e4940]:main():nnet3-xvector-compute.cc:182) Chunk size of 500 is greater than the number of rows in utterance: pleniere_2-04286-04388-00000000-00000102-00000000-00000102, using chunk size  of 102
LOG (nnet3-xvector-compute[5.5.1009~1-e4940]:main():nnet3-xvector-compute.cc:182) Chunk size of 500 is greater than the number of rows in utterance: pleniere_2-04451-04653-00000000-00000150-00000000-00000150, using chunk size  of 150
LOG (nnet3-xvector-compute[5.5.1009~1-e4940]:main():nnet3-xvector-compute.cc:182) Chunk size of 500 is greater than the number of rows in utterance: pleniere_2-04451-04653-00000075-00000202-00000000-00000127, using chunk size  of 127
LOG (nnet3-xvector-compute[5.5.1009~1-e4940]:main():nnet3-xvector-compute.cc:182) Chunk size of 500 is greater than the number of rows in utterance: pleniere_2-04667-05135-00000000-00000150-00000000-00000150, using chunk size  of 150
LOG (nnet3-xvector-compute[5.5.1009~1-e4940]:main():nnet3-xvector-compute.cc:182) Chunk size of 500 is greater than the number of rows in utterance: pleniere_2-04667-05135-00000075-00000225-00000000-00000150, using chunk size  of 150
LOG (nnet3-xvector-compute[5.5.1009~1-e4940]:main():nnet3-xvector-compute.cc:182) Chunk size of 500 is greater than the number of rows in utterance: pleniere_2-04667-05135-00000150-00000300-00000000-00000150, using chunk size  of 150
LOG (nnet3-xvector-compute[5.5.1009~1-e4940]:main():nnet3-xvector-compute.cc:182) Chunk size of 500 is greater than the number of rows in utterance: pleniere_2-04667-05135-00000225-00000375-00000000-00000150, using chunk size  of 150
LOG (nnet3-xvector-compute[5.5.1009~1-e4940]:main():nnet3-xvector-compute.cc:182) Chunk size of 500 is greater than the number of rows in utterance: pleniere_2-04667-05135-00000300-00000450-00000000-00000150, using chunk size  of 150
LOG (nnet3-xvector-compute[5.5.1009~1-e4940]:main():nnet3-xvector-compute.cc:182) Chunk size of 500 is greater than the number of rows in utterance: pleniere_2-04667-05135-00000375-00000468-00000000-00000093, using chunk size  of 93
LOG (nnet3-xvector-compute[5.5.1009~1-e4940]:main():nnet3-xvector-compute.cc:182) Chunk size of 500 is greater than the number of rows in utterance: pleniere_2-05195-05688-00000000-00000150-00000000-00000150, using chunk size  of 150
LOG (nnet3-xvector-compute[5.5.1009~1-e4940]:main():nnet3-xvector-compute.cc:182) Chunk size of 500 is greater than the number of rows in utterance: pleniere_2-05195-05688-00000075-00000225-00000000-00000150, using chunk size  of 150
LOG (nnet3-xvector-compute[5.5.1009~1-e4940]:main():nnet3-xvector-compute.cc:182) Chunk size of 500 is greater than the number of rows in utterance: pleniere_2-05195-05688-00000150-00000300-00000000-00000150, using chunk size  of 150
LOG (nnet3-xvector-compute[5.5.1009~1-e4940]:main():nnet3-xvector-compute.cc:182) Chunk size of 500 is greater than the number of rows in utterance: pleniere_2-05195-05688-00000225-00000375-00000000-00000150, using chunk size  of 150
LOG (nnet3-xvector-compute[5.5.1009~1-e4940]:main():nnet3-xvector-compute.cc:182) Chunk size of 500 is greater than the number of rows in utterance: pleniere_2-05195-05688-00000300-00000450-00000000-00000150, using chunk size  of 150
LOG (nnet3-xvector-compute[5.5.1009~1-e4940]:main():nnet3-xvector-compute.cc:182) Chunk size of 500 is greater than the number of rows in utterance: pleniere_2-05195-05688-00000375-00000493-00000000-00000118, using chunk size  of 118
LOG (nnet3-xvector-compute[5.5.1009~1-e4940]:main():nnet3-xvector-compute.cc:238) Time taken 4.22678s: real-time factor assuming 100 frames/sec is 0.0604517
LOG (nnet3-xvector-compute[5.5.1009~1-e4940]:main():nnet3-xvector-compute.cc:241) Done 52 utterances, failed for 0
LOG (nnet3-xvector-compute[5.5.1009~1-e4940]:~CachingOptimizingCompiler():nnet-optimize.cc:710) 3.32 seconds taken in nnet3 compilation total (breakdown: 3.29 compilation, 0.00782 optimization, 0 shortcut expansion, 0.00161 checking, 3.1e-06 computing indexes, 0.0186 misc.) + 0 I/O.
# Accounting: time=4 threads=1
# Ended (code 0) at Tue May 31 15:28:04 CEST 2022, elapsed time 4 seconds
